2001
28904
31268
23022
18689
15537
7176
31749
3820
27707
10318
32658
19617
31264
16203
6407
172
4659
2942
13572
29162
5492
19721
9784
28763
7023
18314
18181
7448
2602
27958
30065
6532
8768
5478
24526
16119
12309
7890
29121
26587
24006
4762
32686
28058
20977
7954
9464
29325
31264
23582
25954
14388
29058
1411
7841
20488
7410
26482
11807
968
25895
58
16170
28959
13779
23171
5172
972
22006
14495
15337
16193
2587
20768
20829
11941
3504
1090
2125
19737
4783
4108
32202
3970
1116
31415
25600
19801
13708
1743
15943
29849
26534
28565
15279
222
16075
23395
13359
262
22782
27296
23032
4405
11616
13106
1745
16773
24269
1098
31325
23491
24262
28394
1226
18296
11985
1663
6452
21948
31937
5398
32336
14499
8341
32488
30794
