53520
38914
14938
42433
28355
54968
23971
21030
11856
50122
28334
8090
16868
18878
14092
9434
41696
50042
30782
10243
39862
35811
12590
13728
33184
53871
20144
32549
5619
7407
26931
47231
40983
9156
6528
50590
56130
13619
53938
35505
28514
4831
55755
13620
4559
49108
54990
40280
19675
5307
24590
16611
26511
45342
4640
63356
26425
10665
57170
33074
5527
32237
42943
37417
10276
63848
53709
64628
52082
16402
41185
18128
57278
25787
42389
44632
58151
39725
52793
7544
23416
35073
43131
45240
7482
13582
24933
30217
5900
9365
6313
26838
14341
28012
21214
7668
23817
51553
4363
15122
20650
6306
9694
65532
8990
31829
4998
16439
39775
37025
65566
21661
18497
30775
62465
53033
44060
19949
6249
41527
16094
17515
7408
15582
35512
48876
31029
22133
12416
62690
16985
19345
6250
5239
54301
24177
31182
8450
12248
11393
24701
52604
30327
10819
5945
15691
12734
24247
10338
59138
38498
33662
53184
50787
43152
24512
25684
50443
44555
21776
40577
5797
11386
18117
50930
11190
65673
11108
4655
23515
17408
9337
54692
58720
18253
25307
63445
47611
9890
62088
37154
8393
42018
58582
44170
10761
10423
4446
41606
24482
65373
19876
29415
15331
24246
49964
11193
8382
10513
8145
43876
19685
49381
19713
5244
65734
36971
50406
5685
25423
52341
10280
60229
45898
7685
49012
29631
27572
9766
18832
40081
8770
48097
8056
62621
21558
24166
56935
10804
49154
34217
36534
34630
13193
34196
35998
29811
41814
12727
14156
41197
17339
54099
26754
13525
8259
13096
62806
16908
19908
58259
30869
15619
41679
12121
59241
35008
34583
5551
10911
15198
45736
60526
41427
61450
56085
12080
9479
31746
13079
20598
19131
59524
49129
16825
48045
19593
61827
5604
29265
36213
54865
8662
7290
58565
33532
49219
32313
43639
32998
28198
49997
27085
5208
15935
43279
28071
34646
33813
38789
43704
11992
58186
10330
7931
52580
50478
21277
30520
27266
57243
12553
30868
30549
5962
58690
20978
39707
31064
22028
4425
30532
47815
19868
17558
7404
19756
36000
38511
14831
13116
22524
9550
46006
6305
13129
12104
59055
23147
11698
29153
32512
43090
11581
37200
28790
20131
28464
9578
19073
5946
12130
30677
12134
10021
4717
47609
4576
16860
52612
11908
11471
7496
9614
24255
29779
35270
33603
39438
63833
47796
30272
32023
23010
61686
8546
64835
18830
18927
59552
5913
28435
14779
14894
9324
46913
27426
15219
18322
12706
47960
15099
24135
11808
35402
7296
46526
40198
57900
50387
23469
23839
63514
15954
22375
52048
23654
10752
7404
8729
41213
31903
23039
31192
48086
21485
62029
60559
9756
18143
5926
53168
60948
19705
12093
36653
51380
64241
42666
52897
37906
60665
61674
17129
30036
51356
17660
5885
37530
6047
6781
22566
35577
26015
12603
19537
34911
57441
35834
57579
63377
48902
18774
18166
22300
5864
49816
16866
9538
5476
23569
9790
11021
26486
8156
6175
36821
65241
6264
52054
24882
55557
25669
16918
53509
8631
47537
18240
15880
29953
20896
19291
14089
44359
15819
44179
21358
41548
5990
31822
32223
4678
30319
14122
14689
30295
21294
32029
53997
8377
52834
24987
15335
18882
19825
21079
33425
26708
65192
19683
54442
37521
62147
31025
57903
49211
19310
30724
30199
15910
13551
13313
31924
8771
10590
16325
11239
37721
44743
18876
14372
8360
23884
42606
5848
38479
17536
43744
32702
6687
11367
53246
52674
5247
23592
10643
12963
7007
31333
49990
5048
13278
12234
37145
8351
9322
63494
60886
44130
53848
32419
19001
25821
17282
8451
53594
8422
25285
21391
59332
5945
52644
16475
38085
14272
61744
33745
22195
7906
10996
21131
5211
23357
24273
15152
35213
38589
15320
4952
14911
10739
41091
53931
5355
32993
34759
34539
36000
23405
62658
9891
5111
39546
15586
41161
11611
38948
12284
33607
4656
53282
13223
54945
11075
4782
19311
13714
26559
11509
15739
63016
4692
16695
12940
4742
16396
10910
17741
10623
17794
21596
46549
38633
34894
43388
21603
13064
19846
7681
9324
8644
7947
17118
53255
24972
54122
18663
57615
22976
7627
11128
21032
60879
12418
21963
5226
63577
38985
19746
18710
31273
42558
60999
8144
25848
49444
58369
40018
16475
31220
6702
29330
19664
24452
55305
8487
11726
5524
37537
25121
37533
45599
33687
17785
30897
33357
14342
7136
10130
6872
44492
5976
5838
6411
22286
37064
39559
9498
22326
7724
47673
38139
35411
38860
5446
14272
17553
39124
33018
12587
30728
4907
12335
16297
58688
18510
64797
14258
9868
4565
31096
63138
20566
13380
17379
8304
47567
30092
50745
44071
5082
8942
5965
6513
15804
18679
14850
12276
6594
34806
34080
24675
12401
61796
62021
7113
7057
10104
48412
55653
55274
47561
33055
14956
59280
17062
41141
10016
22490
26418
63847
9542
56452
48517
62847
37907
8230
57990
51222
28903
58264
31035
47001
13952
16727
10765
9194
58174
32924
5552
9323
30579
39204
5146
11418
27407
21512
9768
58657
64229
13656
37048
39018
24670
46608
29932
58119
53016
34426
7354
52794
58183
11303
34436
7233
36189
4578
10361
36232
7791
21335
38731
37852
63756
19752
43307
49599
32364
24603
7299
11438
48251
39433
40360
5307
13716
56829
20368
46033
27475
51693
12303
5630
29974
48589
20383
5947
7702
57800
50733
43955
27670
4927
17191
24898
12804
13096
25763
19322
64211
10785
4377
17130
21083
34583
49012
31826
34491
63241
49129
59680
6134
15351
7738
31782
9909
5832
4820
37476
39225
11471
30384
13643
24567
18134
44227
10947
5115
6402
16443
16693
34598
9697
11897
29351
6926
24386
36597
20476
8086
11089
46350
13038
18292
5780
5478
9834
63164
46467
6428
21702
56793
31077
15772
27137
47526
58987
9281
62483
23383
8212
47460
32950
65579
26012
35563
33279
32027
8421
20897
5636
52060
16891
47567
7720
49937
32810
48373
4257
36167
17649
38711
17031
44489
9259
25484
16043
49096
37958
14199
20102
9870
10754
60281
35944
5354
45839
33176
44307
10141
5269
43380
31066
18842
31020
51556
20093
17152
4676
41222
43773
20879
32993
24206
57242
45960
32579
5102
64237
18255
6832
18667
34081
16454
30482
16069
20048
10905
6938
64494
43619
34923
6373
51264
30630
45956
36581
20632
24639
15063
47509
30636
33425
63009
55795
27664
8338
64266
6512
17422
