2237
3180
46476
34226
26067
14032
23432
11089
32321
29000
24708
5335
20200
52615
13786
15412
7509
36486
43385
2240
49636
36757
26733
9730
5835
20485
37950
15819
49440
19457
15381
13936
21308
51550
23958
18943
48498
10710
3027
30014
33454
5509
28148
11013
42586
51739
4737
33187
34493
11535
37202
7459
9609
48119
27009
43442
8893
52634
7635
38780
22163
18425
4215
9076
39197
52951
42352
4611
44745
48136
35820
4567
40173
35739
7611
35973
18959
24221
24972
34084
41224
14504
39469
2627
34653
3046
21005
28118
23621
34307
2228
1919
8892
6981
20091
37225
3987
20361
12923
30501
3292
16222
29347
21497
45121
20124
26041
6325
27697
30997
14946
50499
2376
27697
43589
34412
5650
27368
23137
37376
8063
4265
31664
49525
21041
37047
19867
30764
5676
19144
10687
35169
21940
24448
9043
9958
10777
49800
25840
35551
2181
26303
29750
12782
9938
6882
13235
6085
43067
28228
17868
45431
47196
42393
12057
3481
10169
37360
16416
7848
9727
10776
13155
14303
47706
24461
21422
9270
2140
3417
21025
6417
37959
7652
2184
18412
6545
35577
8956
28967
29601
23106
18389
3809
32784
8833
18463
11543
2639
11147
6360
6203
7564
45341
31184
5639
8406
5751
52880
42843
11881
17076
5551
28495
31674
42257
19289
10879
34112
16919
51151
1940
48220
12315
11658
2363
10701
4512
5785
6200
29738
2032
3866
36465
8367
26247
53173
4879
4768
20864
22502
46876
7480
4632
37861
42413
50441
11510
37732
12397
16171
50839
12996
19130
16490
18353
8995
37613
40817
32466
50810
21077
30824
44643
2542
35660
4885
15141
13669
44102
26656
14697
36745
39376
2628
24171
7888
52202
7474
2463
52341
25209
10688
14509
49075
52510
23190
47564
2406
2899
47471
39949
44940
41132
2441
24113
12822
14356
4608
30992
24282
15700
11553
2319
25813
16681
30083
46315
37335
30834
34185
36583
28785
23449
44485
18085
23129
35080
4730
4856
39968
46753
32448
32971
19535
2555
5138
7150
50297
16426
2321
12145
35687
13250
11333
3822
22630
6393
21846
24460
8235
7250
6828
48622
52364
8342
5356
10927
31780
27236
16760
4252
14624
1858
44077
6994
43954
22047
2235
12074
4918
5058
3059
38518
23856
37032
6335
40443
24770
47545
20515
30654
46992
7582
40026
10906
19963
5366
28173
25343
8697
50918
12803
10130
2523
16425
20423
22368
20775
11812
2988
3719
39001
8076
2388
50822
7677
7013
1783
52043
7377
1835
2081
33443
23277
47209
9579
10295
14190
9073
14237
18067
28270
19712
6684
30481
14029
44787
10571
22072
20760
41889
8068
2487
10450
2111
6168
7052
12738
32573
10779
32778
14447
10879
45867
34785
21541
52021
39749
33354
7817
4383
47148
25175
40162
25653
37679
33940
35825
15833
13742
17945
15087
1864
2761
9003
19607
5926
9839
18524
5783
44301
8276
39473
27503
8310
22963
9221
25986
23196
4186
49516
4882
30031
6714
4760
6212
3767
17215
15526
43724
32804
13526
4301
8098
7812
13817
14692
35956
2310
27093
6508
10361
34520
12935
17374
47821
30027
48472
12213
3776
15533
13456
36475
32283
17661
37283
33482
28245
8231
2807
7323
49452
44639
16508
34976
22623
19114
34694
21048
49720
8772
52335
7437
52424
46016
34733
13974
32660
52525
12461
19330
35204
32131
10908
24049
3582
18731
30194
22224
29115
46783
44250
3756
32547
20895
7323
5781
15114
7573
3452
7860
14106
5854
22867
2043
39931
13956
52970
40293
2616
2332
35569
34943
48392
4550
5153
7345
41576
8071
15304
8715
5298
12972
36624
19643
15997
38307
42310
27730
12296
12914
40295
26709
1844
19542
6341
15628
2556
37544
4874
17600
11892
5980
20534
28272
14121
42104
22344
2217
4442
32368
1961
2271
19851
17541
3577
16340
41355
10778
52227
52579
15264
12178
50442
9911
3974
19802
4385
47540
9359
5389
38002
22575
27698
11409
21443
7552
17077
23498
35197
39838
19822
15670
50590
17260
30325
19449
25754
12914
5144
6926
33559
15620
5864
4430
46461
11474
23012
49086
3815
12587
34086
3156
2679
39243
14655
43268
6869
2125
47315
19067
16833
1957
4736
13405
9552
35858
3863
9928
32318
8561
4499
4267
36421
38338
28601
4331
27616
11895
35185
2686
14844
6318
3677
22932
16562
16623
26839
28120
14657
2663
3062
10104
42503
12368
25626
3127
20566
23952
28868
5317
6858
22907
52244
4637
7737
12732
15468
9173
26535
14903
21166
22518
40557
10161
18260
7755
4095
6066
38384
3275
21411
41071
31567
5763
28415
9286
2609
18944
30165
3534
39588
45956
15291
9493
16514
47000
35734
46961
20265
2496
38943
5038
8772
35663
25563
3811
25777
4743
24393
8072
45856
1970
19143
16525
4967
38837
3342
24202
2656
5571
9582
46876
17773
41682
6523
43609
37050
23088
19361
32283
18710
11748
27135
26166
38510
13884
20656
18797
28197
40204
52945
11959
14597
38228
29796
14088
5442
13876
39154
27439
31361
3306
11553
7596
3355
38201
41854
10122
32530
33879
3729
22942
13861
26340
3295
16975
19784
31617
41897
45942
9053
13208
42492
32708
10951
12648
51461
32816
3476
25631
3185
9535
28936
32933
12585
30657
19707
3615
7075
2763
18551
21790
29158
34481
35739
40843
23291
33980
8454
16845
11385
7259
27905
11856
9816
3587
4587
3402
34537
50711
29439
28973
21795
42544
2658
4580
13168
17521
7498
19562
26416
3305
39814
25893
45272
2851
28919
14361
3773
2992
13891
45484
8604
42929
16533
38782
44954
27447
38465
37313
48545
4485
8793
7810
17251
6769
14608
36862
46417
6891
5155
13907
46950
41964
51454
3501
44692
33269
27121
9070
3577
20512
37047
35527
13587
33415
41858
10791
30833
4829
41529
46025
46191
36492
26970
20058
19817
29485
46489
30205
50692
3274
31309
21587
14195
12186
27492
22291
9846
24663
33460
44542
18769
32195
37704
10917
1845
8178
20297
49633
10666
35969
7636
9289
21590
48918
3698
6518
46615
4236
4849
11756
2764
31859
38045
9451
48028
2850
4039
6225
9023
48427
19333
5688
37465
33972
9142
11101
40870
10528
27711
8320
40286
9149
16373
10084
8927
4757
15467
16783
12020
43717
7060
34977
6834
9867
43782
15204
38689
47845
3561
23436
17215
19146
1693
23641
48143
6216
24720
2435
6108
11304
46111
9934
38136
44094
18459
41805
