26432
40461
46984
58912
56312
17667
23327
30024
75348
48191
10350
19244
73900
10066
26317
21985
71995
34312
24254
47038
24886
58887
71777
59117
44909
39577
8100
46052
32208
14151
77720
18690
53118
9192
11081
8210
13084
77218
14941
46526
20984
54841
22662
56845
45977
31289
67297
70335
68268
33888
21788
29262
75859
16050
28792
62711
61704
8003
37563
71845
51896
24643
9742
24560
13887
13244
44842
70992
28728
56952
16727
39470
62336
8222
25743
60583
37124
13069
39609
76682
69536
11104
63763
70484
47101
77152
16905
33766
37648
24277
44914
38505
43207
76761
50713
44809
17923
27065
64900
17148
38909
73106
20054
45309
63551
37434
24677
46731
13869
8253
66719
40273
62118
8560
54990
9827
43488
51857
26546
32673
20809
79156
47907
10281
75001
17305
46504
31013
11517
59637
56264
9442
79179
20868
50092
63441
10039
8290
69891
11339
37436
36230
56561
22936
9235
37060
21035
17580
35029
33551
36091
8615
9144
60386
37607
33267
9506
55219
12149
45477
24200
66673
66340
9715
44174
12612
22567
46018
50057
36153
16036
26580
19468
44873
50283
21603
25382
28321
17744
24833
34284
62746
50289
61674
19112
15706
45477
24449
46602
58678
55079
38819
11791
42975
16255
27765
68212
19054
31059
8979
35393
51878
62348
23543
24677
56441
43782
12040
15882
67032
60901
63794
20006
63118
34658
13474
75414
77500
65290
49601
12546
8652
60567
9450
74921
35359
19453
55587
51346
8422
73025
30819
53111
51714
77718
16893
25828
65853
8155
63033
26121
51001
63395
42889
78740
10490
8364
47029
44555
40913
41808
10195
16593
42258
79157
29624
10059
40260
10766
20758
35296
16720
12194
67027
12007
14058
20600
59935
25472
26205
56830
12034
20497
13438
39446
9979
23975
38664
58660
43843
18978
66239
53445
31890
18232
19436
33265
40240
77626
22282
14091
43917
16809
14186
57816
59527
63450
13346
65220
28163
66549
17716
28111
77291
55614
71138
55496
11349
33785
68803
73734
54296
21896
17482
48407
30910
7987
14656
8026
62152
64580
50866
35840
73487
17809
46253
21890
15548
50616
22452
26452
58645
75943
64086
64422
10678
15734
22266
49031
12402
12556
14393
9666
18554
57482
34641
22420
10024
58852
8224
54087
9280
21433
20580
49672
69358
34188
9661
33819
33128
70697
58854
76772
18568
15008
17004
40115
32361
28234
10509
12377
9551
26891
66778
14403
62991
14658
11931
9147
58999
29318
77150
29126
36530
27502
9064
49309
46698
30413
12863
48806
48386
17394
17388
20735
37546
38022
52325
35623
56925
58663
29722
22362
20737
77134
13491
66786
55632
30515
67132
51502
52355
15860
56223
18459
14920
57864
30503
9097
65146
77206
16745
50693
19025
63846
51205
31394
77109
45304
24145
13559
11181
16774
14343
9682
54191
10605
34562
20673
52015
12206
18290
57116
25335
66267
39549
68943
21376
39367
37276
51809
48328
36987
12584
67432
14356
37090
68469
12992
23561
34640
34436
27012
78050
8459
34154
40317
62313
23251
9350
74185
72688
13208
9304
12112
54236
58516
10705
43015
54538
24645
60698
21391
56303
9675
14355
10227
65453
35883
68854
30766
66972
48340
13344
53159
40480
10117
16677
49082
31540
71739
21427
74973
13676
8397
46012
11017
28366
53817
31406
11066
67015
19048
20086
55167
21049
70030
14215
38471
25398
37559
24800
10184
28662
17570
49727
12910
32233
51073
36868
44810
9034
38306
24445
68430
37701
53021
75721
42206
26758
8564
29151
34541
37459
66224
28445
44329
67754
10741
28283
16455
12111
62364
26152
11676
17337
47878
12516
8244
52833
62310
18297
15970
31265
25347
55800
62379
66036
56974
25036
10606
16799
28541
14249
40918
10784
23980
18264
72199
53271
74061
54407
23368
10901
13355
42196
16778
10469
11457
61952
24426
77679
58534
38636
43698
13530
9395
42112
25018
24430
13485
50234
25313
69584
17915
23876
38013
22100
19242
18869
15575
33311
32043
33148
55561
52855
47817
14268
36780
18898
8681
57457
41916
21749
30416
19471
49274
79166
54641
29976
37251
48317
21097
25779
66941
8795
20420
15223
11091
42825
52928
30538
27343
21485
9738
29155
63063
9844
15990
46844
51735
38260
34608
28719
51250
21542
13992
40417
47951
29070
15363
22659
76169
11904
18019
18931
35691
40064
63169
23940
27146
60974
26213
23692
11246
61342
43108
67443
27208
34893
71424
19216
69142
18866
11992
47116
14203
9984
55962
20880
23504
24012
33950
60616
52264
23388
30634
50970
47173
12535
52679
9069
15937
20485
22315
70310
20440
17901
41342
49022
53888
10270
43059
38067
53235
13085
63746
76371
64497
15360
46776
43578
72378
14057
25520
79593
26574
40929
70491
44188
16950
46839
18088
72209
47850
62796
13327
49626
33165
15003
69330
13548
52508
16273
33546
49194
24838
32719
22113
20156
21438
55058
49656
23888
18862
55735
76378
29153
8917
41249
13405
26619
38724
54751
14305
18585
38163
62964
75781
47274
52281
59936
76721
10330
47924
66369
21164
20790
27506
10682
36141
8427
29023
27309
17868
49404
37755
40900
78059
14523
17717
38979
10886
64026
40907
29279
58961
45427
9272
13378
28626
23920
35481
58430
52689
55217
28134
39475
18926
32477
8434
16427
9379
12833
48836
15247
12745
29830
41015
36654
40734
56975
11033
17416
18474
28348
49984
16637
74289
23126
60914
10165
41704
50872
66208
21197
40985
9982
19840
18828
12327
66031
63179
45116
69694
9918
9588
50767
53670
60324
45787
79533
30009
23520
14297
58145
42153
73111
57597
13166
71135
77688
12362
31917
12618
20686
22925
74702
32761
19434
11017
27148
11971
43225
9215
48722
48333
52567
73828
11073
72498
40389
33262
68992
51575
26918
36814
79046
46284
60316
17960
52873
34917
59019
43824
49692
11206
10335
66280
73904
60892
15741
14841
74663
75474
23587
17134
12053
27770
42229
25505
67160
11037
79101
26434
45359
12123
8888
58546
9808
26744
69252
73091
9796
8204
31928
38578
41773
12624
38050
9840
71407
37485
14144
25792
29074
72181
13937
37284
15871
43537
42695
53454
17464
9373
59199
11421
13823
55766
57063
8849
47264
20244
41673
21495
42055
16808
14920
42776
36134
23022
53609
64858
9899
10434
76716
8667
55060
53914
49038
45871
52512
26982
15783
8963
49089
13979
19117
67136
58936
26134
53127
58497
11051
22668
55577
16312
30263
29518
42538
79691
21921
22722
13739
61745
75740
22147
75398
72543
29983
