31767
2330
3647
25463
25463
29219
27688
28844
1854
15093
26084
925
773
9764
26013
11155
3357
32417
31921
3550
23442
5990
22414
5404
1776
21319
31023
6205
6087
21319
14061
9343
1415
28786
4304
31477
13659
4628
5314
11939
11819
11479
2817
9503
19068
20677
2312
5990
13994
5925
13121
17675
11637
10549
32351
5293
2229
20950
22845
31257
17078
15335
25893
26091
7155
19316
25712
17571
32766
30237
10514
28498
24231
2888
32417
3481
18710
30439
6327
31405
26526
29219
26013
8142
22112
9501
30013
5868
21340
11288
19563
10892
7178
8995
5566
1776
26013
20366
19795
25538
