5649
6487
4946
5598
361
1257
15816
20960
8340
2877
28189
6676
12999
31450
28264
769
6042
13179
12864
138
20500
9797
32469
5499
11709
31202
1591
4614
2057
8650
8600
12095
10289
4357
9040
10423
6828
19602
22998
8346
5624
29202
28523
30066
29671
6745
1510
3287
31754
12348
7092
6110
627
19262
22367
20246
1617
17004
9409
21650
30557
29929
19080
23020
26370
15085
23695
21926
31727
20281
2877
11552
30413
15553
4614
15668
22317
12957
12334
19652
20576
13153
23695
16993
29563
16311
1617
29671
3826
25541
28332
13850
25485
8065
32134
15204
29452
10337
23028
4631
